<?xml version="1.0" encoding="UTF-8"?>
<testsuite name="ComputerRepairRequestTest" tests="2" skipped="0" failures="0" errors="0" timestamp="2025-03-04T14:42:45" hostname="DESKTOP-30G5DPC" time="0.055">
  <properties/>
  <testcase name="First Test" classname="ComputerRepairRequestTest" time="0.048"/>
  <testcase name="Test Examplu" classname="ComputerRepairRequestTest" time="0.002"/>
  <system-out><![CDATA[]]></system-out>
  <system-err><![CDATA[]]></system-err>
</testsuite>
